#
# There is insufficient memory for the Java Runtime Environment to continue.
# Native memory allocation (malloc) failed to allocate 131088 bytes for Chunk::new
# Possible reasons:
#   The system is out of physical RAM or swap space
#   The process is running with CompressedOops enabled, and the Java Heap may be blocking the growth of the native heap
# Possible solutions:
#   Reduce memory load on the system
#   Increase physical memory or swap space
#   Check if swap backing store is full
#   Decrease Java heap size (-Xmx/-Xms)
#   Decrease number of Java threads
#   Decrease Java thread stack sizes (-Xss)
#   Set larger code cache with -XX:ReservedCodeCacheSize=
#   JVM is running with Unscaled Compressed Oops mode in which the Java heap is
#     placed in the first 4GB address space. The Java Heap base address is the
#     maximum limit for the native heap growth. Please use -XX:HeapBaseMinAddress
#     to set the Java Heap base and to place the Java Heap above 4GB virtual address.
# This output file may be truncated or incomplete.
#
#  Out of Memory Error (c:/workspace/9-2-build-windows-amd64-cygwin-phase2/jdk9/6725/hotspot/src/share/vm/memory/allocation.cpp:372), pid=17788, tid=16928
#
# JRE version: Java(TM) SE Runtime Environment (9.0+181) (build 9+181)
# Java VM: Java HotSpot(TM) 64-Bit Server VM (9+181, mixed mode, tiered, compressed oops, g1 gc, windows-amd64)
# No core dump will be written. Minidumps are not enabled by default on client versions of Windows
#

---------------  S U M M A R Y ------------

Command Line: -Dfile.encoding=Cp1252 Main

Host: Intel(R) Processor 5Y70 CPU @ 1.10GHz, 4 cores, 7G,  Windows 8.1 , 64 bit Build 9600 (6.3.9600.17415)
Time: Tue Oct 24 13:34:49 2017 AUS Eastern Summer Time elapsed time: 0 seconds (0d 0h 0m 0s)

---------------  T H R E A D  ---------------

Current thread (0x000000e45e88f800):  JavaThread "C2 CompilerThread0" daemon [_thread_in_native, id=16928, stack(0x000000e45ef90000,0x000000e45f090000)]


Current CompileTask:
C2:    398  503       4       jdk.internal.org.objectweb.asm.Frame::execute (2252 bytes)

Stack: [0x000000e45ef90000,0x000000e45f090000]
Native frames: (J=compiled Java code, j=interpreted, Vv=VM code, C=native code)
V  [jvm.dll+0x587108]
V  [jvm.dll+0x69c14e]
V  [jvm.dll+0x69d06a]
V  [jvm.dll+0x69d6a3]
V  [jvm.dll+0x21d3f8]
V  [jvm.dll+0xa7bac]
V  [jvm.dll+0xa84ec]
V  [jvm.dll+0x5b1fe6]
V  [jvm.dll+0x5b296f]
V  [jvm.dll+0x1e89aa]
V  [jvm.dll+0x16916b]
V  [jvm.dll+0x1f6680]
V  [jvm.dll+0x1f5306]
V  [jvm.dll+0x66b1af]
V  [jvm.dll+0x586530]
C  [msvcr120.dll+0x24f7f]
C  [msvcr120.dll+0x25126]
C  [KERNEL32.DLL+0x13d2]
C  [ntdll.dll+0x154f4]


---------------  P R O C E S S  ---------------

Java Threads: ( => current thread )
  0x000000e45feca800 JavaThread "AWT-Windows" daemon [_thread_in_native, id=17664, stack(0x000000e4608a0000,0x000000e4609a0000)]
  0x000000e45fedd000 JavaThread "AWT-Shutdown" [_thread_blocked, id=4368, stack(0x000000e4607a0000,0x000000e4608a0000)]
  0x000000e45fedc800 JavaThread "Java2D Disposer" daemon [_thread_blocked, id=17948, stack(0x000000e4606a0000,0x000000e4607a0000)]
  0x000000e45f580800 JavaThread "Service Thread" daemon [_thread_blocked, id=15068, stack(0x000000e45f890000,0x000000e45f990000)]
  0x000000e45e999000 JavaThread "Common-Cleaner" daemon [_thread_blocked, id=16400, stack(0x000000e45f390000,0x000000e45f490000)]
  0x000000e45e89f800 JavaThread "Sweeper thread" daemon [_thread_blocked, id=18228, stack(0x000000e45f290000,0x000000e45f390000)]
  0x000000e45e89e800 JavaThread "C1 CompilerThread2" daemon [_thread_blocked, id=11132, stack(0x000000e45f190000,0x000000e45f290000)]
  0x000000e45e89a800 JavaThread "C2 CompilerThread1" daemon [_thread_in_native, id=16228, stack(0x000000e45f090000,0x000000e45f190000)]
=>0x000000e45e88f800 JavaThread "C2 CompilerThread0" daemon [_thread_in_native, id=16928, stack(0x000000e45ef90000,0x000000e45f090000)]
  0x000000e45e88f000 JavaThread "Attach Listener" daemon [_thread_blocked, id=15768, stack(0x000000e45ee90000,0x000000e45ef90000)]
  0x000000e45e88e000 JavaThread "Signal Dispatcher" daemon [_thread_blocked, id=5884, stack(0x000000e45ed90000,0x000000e45ee90000)]
  0x000000e45e87d000 JavaThread "Finalizer" daemon [_thread_blocked, id=17984, stack(0x000000e45ebb0000,0x000000e45ecb0000)]
  0x000000e45e853800 JavaThread "Reference Handler" daemon [_thread_blocked, id=15532, stack(0x000000e45eab0000,0x000000e45ebb0000)]
  0x000000e43e4f5000 JavaThread "main" [_thread_blocked, id=7352, stack(0x000000e43e5c0000,0x000000e43e6c0000)]

Other Threads:
  0x000000e45e84d000 VMThread "VM Thread" [stack: 0x000000e45e9b0000,0x000000e45eab0000] [id=17808]
  0x000000e45f587000 WatcherThread [stack: 0x000000e45f990000,0x000000e45fa90000] [id=15816]
  0x000000e43e50d800 GCTaskThread "GC Thread#0" [stack: 0x000000e455b30000,0x000000e455c30000] [id=8444]
  0x000000e43e510000 GCTaskThread "GC Thread#1" [stack: 0x000000e455c30000,0x000000e455d30000] [id=17496]
  0x000000e43e512000 GCTaskThread "GC Thread#2" [stack: 0x000000e455d30000,0x000000e455e30000] [id=13968]
  0x000000e43e518000 GCTaskThread "GC Thread#3" [stack: 0x000000e455e30000,0x000000e455f30000] [id=11908]
  0x000000e43e58b000 ConcurrentGCThread "G1 Main Marker" [stack: 0x000000e45b870000,0x000000e45b970000] [id=17020]
  0x000000e43e58d800 ConcurrentGCThread "G1 Marker#0" [stack: 0x000000e45b970000,0x000000e45ba70000] [id=14116]
  0x000000e43e521000 ConcurrentGCThread "G1 Refine#0" [stack: 0x000000e456670000,0x000000e456770000] [id=12304]
  0x000000e43e51f800 ConcurrentGCThread "G1 Refine#1" [stack: 0x000000e456570000,0x000000e456670000] [id=3140]
  0x000000e43e51c800 ConcurrentGCThread "G1 Refine#2" [stack: 0x000000e456470000,0x000000e456570000] [id=17924]
  0x000000e43e51b800 ConcurrentGCThread "G1 Refine#3" [stack: 0x000000e456370000,0x000000e456470000] [id=2856]
  0x000000e43e522000 ConcurrentGCThread "G1 Young RemSet Sampling" [stack: 0x000000e456770000,0x000000e456870000] [id=16688]

Threads with active compile tasks:
C2 CompilerThread1 515       4       jdk.internal.org.objectweb.asm.Type::getArgumentsAndReturnSizes (151 bytes)
C2 CompilerThread0 503       4       jdk.internal.org.objectweb.asm.Frame::execute (2252 bytes)

VM state:at safepoint (normal execution)

VM Mutex/Monitor currently owned by a thread:  ([mutex/lock_event])
[0x000000e43e4f42c0] Threads_lock - owner thread: 0x000000e45e84d000
[0x000000e43e4f3ae0] Heap_lock - owner thread: 0x000000e43e4f5000

Heap address: 0x0000000081200000, size: 2030 MB, Compressed Oops mode: 32-bit
Narrow klass base: 0x0000000000000000, Narrow klass shift: 3
Compressed class space size: 1073741824 Address: 0x0000000100000000

Heap:
 garbage-first heap   total 131072K, used 1307K [0x0000000081200000, 0x0000000081300400, 0x0000000100000000)
  region size 1024K, 2 young (2048K), 2 survivors (2048K)
 Metaspace       used 7109K, capacity 7426K, committed 7552K, reserved 1064960K
  class space    used 746K, capacity 814K, committed 896K, reserved 1048576K
Heap Regions: E=young(eden), S=young(survivor), O=old, HS=humongous(starts), HC=humongous(continues), CS=collection set, F=free, A=archive, TS=gc time stamp, AC=allocation context, TAMS=top-at-mark-start (previous, next)
|   0|0x0000000081200000, 0x0000000081200000, 0x0000000081300000|  0%| F|  |TS  0|AC  0|TAMS 0x0000000081200000, 0x0000000081200000|
|   1|0x0000000081300000, 0x0000000081300000, 0x0000000081400000|  0%| F|  |TS  0|AC  0|TAMS 0x0000000081300000, 0x0000000081300000|
|   2|0x0000000081400000, 0x0000000081400000, 0x0000000081500000|  0%| F|  |TS  0|AC  0|TAMS 0x0000000081400000, 0x0000000081400000|
|   3|0x0000000081500000, 0x0000000081500000, 0x0000000081600000|  0%| F|  |TS  0|AC  0|TAMS 0x0000000081500000, 0x0000000081500000|
|   4|0x0000000081600000, 0x0000000081600000, 0x0000000081700000|  0%| F|  |TS  0|AC  0|TAMS 0x0000000081600000, 0x0000000081600000|
|   5|0x0000000081700000, 0x0000000081700000, 0x0000000081800000|  0%| F|  |TS  0|AC  0|TAMS 0x0000000081700000, 0x0000000081700000|
|   6|0x0000000081800000, 0x0000000081800000, 0x0000000081900000|  0%| F|  |TS  0|AC  0|TAMS 0x0000000081800000, 0x0000000081800000|
|   7|0x0000000081900000, 0x0000000081900000, 0x0000000081a00000|  0%| F|  |TS  0|AC  0|TAMS 0x0000000081900000, 0x0000000081900000|
|   8|0x0000000081a00000, 0x0000000081a00000, 0x0000000081b00000|  0%| F|  |TS  0|AC  0|TAMS 0x0000000081a00000, 0x0000000081a00000|
|   9|0x0000000081b00000, 0x0000000081b00000, 0x0000000081c00000|  0%| F|  |TS  0|AC  0|TAMS 0x0000000081b00000, 0x0000000081b00000|
|  10|0x0000000081c00000, 0x0000000081c00000, 0x0000000081d00000|  0%| F|  |TS  0|AC  0|TAMS 0x0000000081c00000, 0x0000000081c00000|
|  11|0x0000000081d00000, 0x0000000081d00000, 0x0000000081e00000|  0%| F|  |TS  0|AC  0|TAMS 0x0000000081d00000, 0x0000000081d00000|
|  12|0x0000000081e00000, 0x0000000081e00000, 0x0000000081f00000|  0%| F|  |TS  0|AC  0|TAMS 0x0000000081e00000, 0x0000000081e00000|
|  13|0x0000000081f00000, 0x0000000081f00000, 0x0000000082000000|  0%| F|  |TS  0|AC  0|TAMS 0x0000000081f00000, 0x0000000081f00000|
|  14|0x0000000082000000, 0x0000000082000000, 0x0000000082100000|  0%| F|  |TS  0|AC  0|TAMS 0x0000000082000000, 0x0000000082000000|
|  15|0x0000000082100000, 0x0000000082100000, 0x0000000082200000|  0%| F|  |TS  0|AC  0|TAMS 0x0000000082100000, 0x0000000082100000|
|  16|0x0000000082200000, 0x0000000082200000, 0x0000000082300000|  0%| F|  |TS  0|AC  0|TAMS 0x0000000082200000, 0x0000000082200000|
|  17|0x0000000082300000, 0x0000000082300000, 0x0000000082400000|  0%| F|  |TS  0|AC  0|TAMS 0x0000000082300000, 0x0000000082300000|
|  18|0x0000000082400000, 0x0000000082400000, 0x0000000082500000|  0%| F|  |TS  0|AC  0|TAMS 0x0000000082400000, 0x0000000082400000|
|  19|0x0000000082500000, 0x0000000082500000, 0x0000000082600000|  0%| F|  |TS  0|AC  0|TAMS 0x0000000082500000, 0x0000000082500000|
|  20|0x0000000082600000, 0x0000000082600000, 0x0000000082700000|  0%| F|  |TS  0|AC  0|TAMS 0x0000000082600000, 0x0000000082600000|
|  21|0x0000000082700000, 0x0000000082700000, 0x0000000082800000|  0%| F|  |TS  0|AC  0|TAMS 0x0000000082700000, 0x0000000082700000|
|  22|0x0000000082800000, 0x0000000082800000, 0x0000000082900000|  0%| F|  |TS  0|AC  0|TAMS 0x0000000082800000, 0x0000000082800000|
|  23|0x0000000082900000, 0x0000000082900000, 0x0000000082a00000|  0%| F|  |TS  0|AC  0|TAMS 0x0000000082900000, 0x0000000082900000|
|  24|0x0000000082a00000, 0x0000000082a00000, 0x0000000082b00000|  0%| F|  |TS  0|AC  0|TAMS 0x0000000082a00000, 0x0000000082a00000|
|  25|0x0000000082b00000, 0x0000000082b00000, 0x0000000082c00000|  0%| F|  |TS  0|AC  0|TAMS 0x0000000082b00000, 0x0000000082b00000|
|  26|0x0000000082c00000, 0x0000000082c00000, 0x0000000082d00000|  0%| F|  |TS  0|AC  0|TAMS 0x0000000082c00000, 0x0000000082c00000|
|  27|0x0000000082d00000, 0x0000000082d00000, 0x0000000082e00000|  0%| F|  |TS  0|AC  0|TAMS 0x0000000082d00000, 0x0000000082d00000|
|  28|0x0000000082e00000, 0x0000000082e00000, 0x0000000082f00000|  0%| F|  |TS  0|AC  0|TAMS 0x0000000082e00000, 0x0000000082e00000|
|  29|0x0000000082f00000, 0x0000000082f00000, 0x0000000083000000|  0%| F|  |TS  0|AC  0|TAMS 0x0000000082f00000, 0x0000000082f00000|
|  30|0x0000000083000000, 0x0000000083000000, 0x0000000083100000|  0%| F|  |TS  0|AC  0|TAMS 0x0000000083000000, 0x0000000083000000|
|  31|0x0000000083100000, 0x0000000083100000, 0x0000000083200000|  0%| F|  |TS  0|AC  0|TAMS 0x0000000083100000, 0x0000000083100000|
|  32|0x0000000083200000, 0x0000000083200000, 0x0000000083300000|  0%| F|  |TS  0|AC  0|TAMS 0x0000000083200000, 0x0000000083200000|
|  33|0x0000000083300000, 0x0000000083300000, 0x0000000083400000|  0%| F|  |TS  0|AC  0|TAMS 0x0000000083300000, 0x0000000083300000|
|  34|0x0000000083400000, 0x0000000083400000, 0x0000000083500000|  0%| F|  |TS  0|AC  0|TAMS 0x0000000083400000, 0x0000000083400000|
|  35|0x0000000083500000, 0x0000000083500000, 0x0000000083600000|  0%| F|  |TS  0|AC  0|TAMS 0x0000000083500000, 0x0000000083500000|
|  36|0x0000000083600000, 0x0000000083600000, 0x0000000083700000|  0%| F|  |TS  0|AC  0|TAMS 0x0000000083600000, 0x0000000083600000|
|  37|0x0000000083700000, 0x0000000083700000, 0x0000000083800000|  0%| F|  |TS  0|AC  0|TAMS 0x0000000083700000, 0x0000000083700000|
|  38|0x0000000083800000, 0x0000000083800000, 0x0000000083900000|  0%| F|  |TS  0|AC  0|TAMS 0x0000000083800000, 0x0000000083800000|
|  39|0x0000000083900000, 0x0000000083900000, 0x0000000083a00000|  0%| F|  |TS  0|AC  0|TAMS 0x0000000083900000, 0x0000000083900000|
|  40|0x0000000083a00000, 0x0000000083a00000, 0x0000000083b00000|  0%| F|  |TS  0|AC  0|TAMS 0x0000000083a00000, 0x0000000083a00000|
|  41|0x0000000083b00000, 0x0000000083b00000, 0x0000000083c00000|  0%| F|  |TS  0|AC  0|TAMS 0x0000000083b00000, 0x0000000083b00000|
|  42|0x0000000083c00000, 0x0000000083c00000, 0x0000000083d00000|  0%| F|  |TS  0|AC  0|TAMS 0x0000000083c00000, 0x0000000083c00000|
|  43|0x0000000083d00000, 0x0000000083d00000, 0x0000000083e00000|  0%| F|  |TS  0|AC  0|TAMS 0x0000000083d00000, 0x0000000083d00000|
|  44|0x0000000083e00000, 0x0000000083e00000, 0x0000000083f00000|  0%| F|  |TS  0|AC  0|TAMS 0x0000000083e00000, 0x0000000083e00000|
|  45|0x0000000083f00000, 0x0000000083f00000, 0x0000000084000000|  0%| F|  |TS  0|AC  0|TAMS 0x0000000083f00000, 0x0000000083f00000|
|  46|0x0000000084000000, 0x0000000084000000, 0x0000000084100000|  0%| F|  |TS  0|AC  0|TAMS 0x0000000084000000, 0x0000000084000000|
|  47|0x0000000084100000, 0x0000000084100000, 0x0000000084200000|  0%| F|  |TS  0|AC  0|TAMS 0x0000000084100000, 0x0000000084100000|
|  48|0x0000000084200000, 0x0000000084200000, 0x0000000084300000|  0%| F|  |TS  0|AC  0|TAMS 0x0000000084200000, 0x0000000084200000|
|  49|0x0000000084300000, 0x0000000084300000, 0x0000000084400000|  0%| F|  |TS  0|AC  0|TAMS 0x0000000084300000, 0x0000000084300000|
|  50|0x0000000084400000, 0x0000000084400000, 0x0000000084500000|  0%| F|  |TS  0|AC  0|TAMS 0x0000000084400000, 0x0000000084400000|
|  51|0x0000000084500000, 0x0000000084500000, 0x0000000084600000|  0%| F|  |TS  0|AC  0|TAMS 0x0000000084500000, 0x0000000084500000|
|  52|0x0000000084600000, 0x0000000084600000, 0x0000000084700000|  0%| F|  |TS  0|AC  0|TAMS 0x0000000084600000, 0x0000000084600000|
|  53|0x0000000084700000, 0x0000000084700000, 0x0000000084800000|  0%| F|  |TS  0|AC  0|TAMS 0x0000000084700000, 0x0000000084700000|
|  54|0x0000000084800000, 0x0000000084800000, 0x0000000084900000|  0%| F|  |TS  0|AC  0|TAMS 0x0000000084800000, 0x0000000084800000|
|  55|0x0000000084900000, 0x0000000084900000, 0x0000000084a00000|  0%| F|  |TS  0|AC  0|TAMS 0x0000000084900000, 0x0000000084900000|
|  56|0x0000000084a00000, 0x0000000084a00000, 0x0000000084b00000|  0%| F|  |TS  0|AC  0|TAMS 0x0000000084a00000, 0x0000000084a00000|
|  57|0x0000000084b00000, 0x0000000084b00000, 0x0000000084c00000|  0%| F|  |TS  0|AC  0|TAMS 0x0000000084b00000, 0x0000000084b00000|
|  58|0x0000000084c00000, 0x0000000084c00000, 0x0000000084d00000|  0%| F|  |TS  0|AC  0|TAMS 0x0000000084c00000, 0x0000000084c00000|
|  59|0x0000000084d00000, 0x0000000084d00000, 0x0000000084e00000|  0%| F|  |TS  0|AC  0|TAMS 0x0000000084d00000, 0x0000000084d00000|
|  60|0x0000000084e00000, 0x0000000084e00000, 0x0000000084f00000|  0%| F|  |TS  0|AC  0|TAMS 0x0000000084e00000, 0x0000000084e00000|
|  61|0x0000000084f00000, 0x0000000084f00000, 0x0000000085000000|  0%| F|  |TS  0|AC  0|TAMS 0x0000000084f00000, 0x0000000084f00000|
|  62|0x0000000085000000, 0x0000000085000000, 0x0000000085100000|  0%| F|  |TS  0|AC  0|TAMS 0x0000000085000000, 0x0000000085000000|
|  63|0x0000000085100000, 0x0000000085100000, 0x0000000085200000|  0%| F|  |TS  0|AC  0|TAMS 0x0000000085100000, 0x0000000085100000|
|  64|0x0000000085200000, 0x0000000085200000, 0x0000000085300000|  0%| F|  |TS  0|AC  0|TAMS 0x0000000085200000, 0x0000000085200000|
|  65|0x0000000085300000, 0x0000000085300000, 0x0000000085400000|  0%| F|  |TS  0|AC  0|TAMS 0x0000000085300000, 0x0000000085300000|
|  66|0x0000000085400000, 0x0000000085400000, 0x0000000085500000|  0%| F|  |TS  0|AC  0|TAMS 0x0000000085400000, 0x0000000085400000|
|  67|0x0000000085500000, 0x0000000085500000, 0x0000000085600000|  0%| F|  |TS  0|AC  0|TAMS 0x0000000085500000, 0x0000000085500000|
|  68|0x0000000085600000, 0x0000000085600000, 0x0000000085700000|  0%| F|  |TS  0|AC  0|TAMS 0x0000000085600000, 0x0000000085600000|
|  69|0x0000000085700000, 0x0000000085700000, 0x0000000085800000|  0%| F|  |TS  0|AC  0|TAMS 0x0000000085700000, 0x0000000085700000|
|  70|0x0000000085800000, 0x0000000085800000, 0x0000000085900000|  0%| F|  |TS  0|AC  0|TAMS 0x0000000085800000, 0x0000000085800000|
|  71|0x0000000085900000, 0x0000000085900000, 0x0000000085a00000|  0%| F|  |TS  0|AC  0|TAMS 0x0000000085900000, 0x0000000085900000|
|  72|0x0000000085a00000, 0x0000000085a00000, 0x0000000085b00000|  0%| F|  |TS  0|AC  0|TAMS 0x0000000085a00000, 0x0000000085a00000|
|  73|0x0000000085b00000, 0x0000000085b00000, 0x0000000085c00000|  0%| F|  |TS  0|AC  0|TAMS 0x0000000085b00000, 0x0000000085b00000|
|  74|0x0000000085c00000, 0x0000000085c00000, 0x0000000085d00000|  0%| F|  |TS  0|AC  0|TAMS 0x0000000085c00000, 0x0000000085c00000|
|  75|0x0000000085d00000, 0x0000000085d00000, 0x0000000085e00000|  0%| F|  |TS  0|AC  0|TAMS 0x0000000085d00000, 0x0000000085d00000|
|  76|0x0000000085e00000, 0x0000000085e00000, 0x0000000085f00000|  0%| F|  |TS  0|AC  0|TAMS 0x0000000085e00000, 0x0000000085e00000|
|  77|0x0000000085f00000, 0x0000000085f00000, 0x0000000086000000|  0%| F|  |TS  0|AC  0|TAMS 0x0000000085f00000, 0x0000000085f00000|
|  78|0x0000000086000000, 0x0000000086000000, 0x0000000086100000|  0%| F|  |TS  0|AC  0|TAMS 0x0000000086000000, 0x0000000086000000|
|  79|0x0000000086100000, 0x0000000086100000, 0x0000000086200000|  0%| F|  |TS  0|AC  0|TAMS 0x0000000086100000, 0x0000000086100000|
|  80|0x0000000086200000, 0x0000000086200000, 0x0000000086300000|  0%| F|  |TS  0|AC  0|TAMS 0x0000000086200000, 0x0000000086200000|
|  81|0x0000000086300000, 0x0000000086300000, 0x0000000086400000|  0%| F|  |TS  0|AC  0|TAMS 0x0000000086300000, 0x0000000086300000|
|  82|0x0000000086400000, 0x0000000086400000, 0x0000000086500000|  0%| F|  |TS  0|AC  0|TAMS 0x0000000086400000, 0x0000000086400000|
|  83|0x0000000086500000, 0x0000000086500000, 0x0000000086600000|  0%| F|  |TS  0|AC  0|TAMS 0x0000000086500000, 0x0000000086500000|
|  84|0x0000000086600000, 0x0000000086600000, 0x0000000086700000|  0%| F|  |TS  0|AC  0|TAMS 0x0000000086600000, 0x0000000086600000|
|  85|0x0000000086700000, 0x0000000086700000, 0x0000000086800000|  0%| F|  |TS  0|AC  0|TAMS 0x0000000086700000, 0x0000000086700000|
|  86|0x0000000086800000, 0x0000000086800000, 0x0000000086900000|  0%| F|  |TS  0|AC  0|TAMS 0x0000000086800000, 0x0000000086800000|
|  87|0x0000000086900000, 0x0000000086900000, 0x0000000086a00000|  0%| F|  |TS  0|AC  0|TAMS 0x0000000086900000, 0x0000000086900000|
|  88|0x0000000086a00000, 0x0000000086a00000, 0x0000000086b00000|  0%| F|  |TS  0|AC  0|TAMS 0x0000000086a00000, 0x0000000086a00000|
|  89|0x0000000086b00000, 0x0000000086b00000, 0x0000000086c00000|  0%| F|  |TS  0|AC  0|TAMS 0x0000000086b00000, 0x0000000086b00000|
|  90|0x0000000086c00000, 0x0000000086c00000, 0x0000000086d00000|  0%| F|  |TS  0|AC  0|TAMS 0x0000000086c00000, 0x0000000086c00000|
|  91|0x0000000086d00000, 0x0000000086d00000, 0x0000000086e00000|  0%| F|  |TS  0|AC  0|TAMS 0x0000000086d00000, 0x0000000086d00000|
|  92|0x0000000086e00000, 0x0000000086e00000, 0x0000000086f00000|  0%| F|  |TS  0|AC  0|TAMS 0x0000000086e00000, 0x0000000086e00000|
|  93|0x0000000086f00000, 0x0000000086f00000, 0x0000000087000000|  0%| F|  |TS  0|AC  0|TAMS 0x0000000086f00000, 0x0000000086f00000|
|  94|0x0000000087000000, 0x0000000087000000, 0x0000000087100000|  0%| F|  |TS  0|AC  0|TAMS 0x0000000087000000, 0x0000000087000000|
|  95|0x0000000087100000, 0x0000000087100000, 0x0000000087200000|  0%| F|  |TS  0|AC  0|TAMS 0x0000000087100000, 0x0000000087100000|
|  96|0x0000000087200000, 0x0000000087200000, 0x0000000087300000|  0%| F|  |TS  0|AC  0|TAMS 0x0000000087200000, 0x0000000087200000|
|  97|0x0000000087300000, 0x0000000087300000, 0x0000000087400000|  0%| F|  |TS  0|AC  0|TAMS 0x0000000087300000, 0x0000000087300000|
|  98|0x0000000087400000, 0x0000000087400000, 0x0000000087500000|  0%| F|  |TS  0|AC  0|TAMS 0x0000000087400000, 0x0000000087400000|
|  99|0x0000000087500000, 0x0000000087500000, 0x0000000087600000|  0%| F|  |TS  0|AC  0|TAMS 0x0000000087500000, 0x0000000087500000|
| 100|0x0000000087600000, 0x0000000087600000, 0x0000000087700000|  0%| F|  |TS  0|AC  0|TAMS 0x0000000087600000, 0x0000000087600000|
| 101|0x0000000087700000, 0x0000000087700000, 0x0000000087800000|  0%| F|  |TS  0|AC  0|TAMS 0x0000000087700000, 0x0000000087700000|
| 102|0x0000000087800000, 0x0000000087800000, 0x0000000087900000|  0%| F|  |TS  0|AC  0|TAMS 0x0000000087800000, 0x0000000087800000|
| 103|0x0000000087900000, 0x0000000087900000, 0x0000000087a00000|  0%| F|  |TS  0|AC  0|TAMS 0x0000000087900000, 0x0000000087900000|
| 104|0x0000000087a00000, 0x0000000087a00000, 0x0000000087b00000|  0%| F|  |TS  0|AC  0|TAMS 0x0000000087a00000, 0x0000000087a00000|
| 105|0x0000000087b00000, 0x0000000087b00000, 0x0000000087c00000|  0%| F|  |TS  0|AC  0|TAMS 0x0000000087b00000, 0x0000000087b00000|
| 106|0x0000000087c00000, 0x0000000087c00000, 0x0000000087d00000|  0%| F|  |TS  0|AC  0|TAMS 0x0000000087c00000, 0x0000000087c00000|
| 107|0x0000000087d00000, 0x0000000087d00000, 0x0000000087e00000|  0%| F|  |TS  0|AC  0|TAMS 0x0000000087d00000, 0x0000000087d00000|
| 108|0x0000000087e00000, 0x0000000087e00000, 0x0000000087f00000|  0%| F|  |TS  0|AC  0|TAMS 0x0000000087e00000, 0x0000000087e00000|
| 109|0x0000000087f00000, 0x0000000087f00000, 0x0000000088000000|  0%| F|  |TS  0|AC  0|TAMS 0x0000000087f00000, 0x0000000087f00000|
| 110|0x0000000088000000, 0x0000000088000000, 0x0000000088100000|  0%| F|  |TS  0|AC  0|TAMS 0x0000000088000000, 0x0000000088000000|
| 111|0x0000000088100000, 0x0000000088100000, 0x0000000088200000|  0%| F|  |TS  0|AC  0|TAMS 0x0000000088100000, 0x0000000088100000|
| 112|0x0000000088200000, 0x0000000088200000, 0x0000000088300000|  0%| F|  |TS  0|AC  0|TAMS 0x0000000088200000, 0x0000000088200000|
| 113|0x0000000088300000, 0x0000000088300000, 0x0000000088400000|  0%| F|  |TS  0|AC  0|TAMS 0x0000000088300000, 0x0000000088300000|
| 114|0x0000000088400000, 0x0000000088400000, 0x0000000088500000|  0%| F|  |TS  0|AC  0|TAMS 0x0000000088400000, 0x0000000088400000|
| 115|0x0000000088500000, 0x0000000088500000, 0x0000000088600000|  0%| F|  |TS  0|AC  0|TAMS 0x0000000088500000, 0x0000000088500000|
| 116|0x0000000088600000, 0x0000000088600000, 0x0000000088700000|  0%| F|  |TS  0|AC  0|TAMS 0x0000000088600000, 0x0000000088600000|
| 117|0x0000000088700000, 0x0000000088700000, 0x0000000088800000|  0%| F|  |TS  0|AC  0|TAMS 0x0000000088700000, 0x0000000088700000|
| 118|0x0000000088800000, 0x0000000088800000, 0x0000000088900000|  0%| F|  |TS  0|AC  0|TAMS 0x0000000088800000, 0x0000000088800000|
| 119|0x0000000088900000, 0x0000000088900000, 0x0000000088a00000|  0%| F|  |TS  0|AC  0|TAMS 0x0000000088900000, 0x0000000088900000|
| 120|0x0000000088a00000, 0x0000000088a00000, 0x0000000088b00000|  0%| F|  |TS  0|AC  0|TAMS 0x0000000088a00000, 0x0000000088a00000|
| 121|0x0000000088b00000, 0x0000000088b46fc8, 0x0000000088c00000| 27%| S|  |TS  1|AC  0|TAMS 0x0000000088b00000, 0x0000000088b00000|
| 122|0x0000000088c00000, 0x0000000088d00000, 0x0000000088d00000|100%| S|  |TS  1|AC  0|TAMS 0x0000000088c00000, 0x0000000088c00000|
| 123|0x0000000088d00000, 0x0000000088d00000, 0x0000000088e00000|  0%| F|  |TS  1|AC  0|TAMS 0x0000000088d00000, 0x0000000088d00000|
| 124|0x0000000088e00000, 0x0000000088e00000, 0x0000000088f00000|  0%| F|  |TS  1|AC  0|TAMS 0x0000000088e00000, 0x0000000088e00000|
| 125|0x0000000088f00000, 0x0000000088f00000, 0x0000000089000000|  0%| F|  |TS  1|AC  0|TAMS 0x0000000088f00000, 0x0000000088f00000|
| 126|0x0000000089000000, 0x0000000089000000, 0x0000000089100000|  0%| F|  |TS  1|AC  0|TAMS 0x0000000089000000, 0x0000000089000000|
| 127|0x0000000089100000, 0x0000000089100000, 0x0000000089200000|  0%| F|  |TS  1|AC  0|TAMS 0x0000000089100000, 0x0000000089100000|

Card table byte_map: [0x000000e457070000,0x000000e457470000] byte_map_base: 0x000000e456c67000

Marking Bits (Prev, Next): (CMBitMap*) 0x000000e43e58a450, (CMBitMap*) 0x000000e43e58a488
 Prev Bits: [0x000000e457870000, 0x000000e459828000)
 Next Bits: [0x000000e459830000, 0x000000e45b7e8000)

Polling page: 0x000000e43e3e0000

CodeHeap 'non-profiled nmethods': size=120064Kb used=157Kb max_used=157Kb free=119906Kb
 bounds [0x000000e44e410000, 0x000000e44e680000, 0x000000e455950000]
CodeHeap 'profiled nmethods': size=120000Kb used=843Kb max_used=843Kb free=119156Kb
 bounds [0x000000e446ee0000, 0x000000e447150000, 0x000000e44e410000]
CodeHeap 'non-nmethods': size=5696Kb used=1248Kb max_used=1255Kb free=4447Kb
 bounds [0x000000e446950000, 0x000000e446bc0000, 0x000000e446ee0000]
 total_blobs=1033 nmethods=518 adapters=330
 compilation: enabled

Compilation events (10 events):
Event: 0.393 Thread 0x000000e45e89a800  495       4       jdk.internal.org.objectweb.asm.ClassWriter::put (152 bytes)
Event: 0.393 Thread 0x000000e45e89e800  496       3       java.lang.invoke.MethodHandles$Lookup::checkSecurityManager (104 bytes)
Event: 0.395 Thread 0x000000e45e89e800 nmethod 496 0x000000e446fab190 code [0x000000e446fab480, 0x000000e446fac6d0]
Event: 0.395 Thread 0x000000e45e89e800  497       3       java.lang.invoke.MethodTypeForm::pack (54 bytes)
Event: 0.395 Thread 0x000000e45e89e800 nmethod 497 0x000000e446facb90 code [0x000000e446facd40, 0x000000e446faceb8]
Event: 0.395 Thread 0x000000e45e89e800  501       3       java.lang.invoke.BoundMethodHandle$Factory::makeFieldName (55 bytes)
Event: 0.396 Thread 0x000000e45e88f800 nmethod 492 0x000000e44e434e10 code [0x000000e44e434fa0, 0x000000e44e4352d8]
Event: 0.396 Thread 0x000000e45e88f800  503       4       jdk.internal.org.objectweb.asm.Frame::execute (2252 bytes)
Event: 0.396 Thread 0x000000e45e89e800 nmethod 501 0x000000e446facf90 code [0x000000e446fad260, 0x000000e446fae200]
Event: 0.396 Thread 0x000000e45e89e800  502       3       java.lang.StringLatin1::toBytes (9 bytes)

GC Heap History (0 events):
No events

Deoptimization events (1 events):
Event: 0.350 Thread 0x000000e43e4f5000 Uncommon trap: reason=unstable_if action=reinterpret pc=0x000000e44e42ba64 method=java.lang.StringLatin1.replace([BCC)Ljava/lang/String; @ 19 c2

Classes redefined (0 events):
No events

Internal exceptions (10 events):
Event: 0.308 Thread 0x000000e43e4f5000 Exception <a 'java/lang/NoSuchMethodError'{0x0000000088e24e50}: java.lang.invoke.DelegatingMethodHandle$Holder.reinvoke_L(Ljava/lang/Object;IILjava/lang/Object;Ljava/lang/Object;Ljava/lang/Object;)Ljava/lang/Object;> (0x0000000088e24e50) thrown at [c:/wor
Event: 0.309 Thread 0x000000e43e4f5000 Exception <a 'java/lang/NoSuchMethodError'{0x0000000088e297a0}: method resolution failed> (0x0000000088e297a0) thrown at [c:/workspace/9-2-build-windows-amd64-cygwin-phase2/jdk9/6725/hotspot/src/share/vm/prims/methodHandles.cpp, line 1256]
Event: 0.313 Thread 0x000000e43e4f5000 Exception <a 'java/lang/NoSuchMethodError'{0x0000000088e3e010}: method resolution failed> (0x0000000088e3e010) thrown at [c:/workspace/9-2-build-windows-amd64-cygwin-phase2/jdk9/6725/hotspot/src/share/vm/prims/methodHandles.cpp, line 1256]
Event: 0.316 Thread 0x000000e43e4f5000 Exception <a 'java/lang/NoSuchMethodError'{0x0000000088e533a0}: method resolution failed> (0x0000000088e533a0) thrown at [c:/workspace/9-2-build-windows-amd64-cygwin-phase2/jdk9/6725/hotspot/src/share/vm/prims/methodHandles.cpp, line 1256]
Event: 0.319 Thread 0x000000e43e4f5000 Exception <a 'java/lang/NoSuchMethodError'{0x0000000088e6a108}: method resolution failed> (0x0000000088e6a108) thrown at [c:/workspace/9-2-build-windows-amd64-cygwin-phase2/jdk9/6725/hotspot/src/share/vm/prims/methodHandles.cpp, line 1256]
Event: 0.322 Thread 0x000000e43e4f5000 Exception <a 'java/lang/NoSuchMethodError'{0x0000000088e82730}: method resolution failed> (0x0000000088e82730) thrown at [c:/workspace/9-2-build-windows-amd64-cygwin-phase2/jdk9/6725/hotspot/src/share/vm/prims/methodHandles.cpp, line 1256]
Event: 0.324 Thread 0x000000e43e4f5000 Exception <a 'java/io/FileNotFoundException'{0x0000000088e8bc78}> (0x0000000088e8bc78) thrown at [c:/workspace/9-2-build-windows-amd64-cygwin-phase2/jdk9/6725/hotspot/src/share/vm/prims/jni.cpp, line 604]
Event: 0.388 Thread 0x000000e45feca800 Exception <a 'java/lang/NoSuchMethodError'{0x0000000088d05650}: java.lang.invoke.DirectMethodHandle$Holder.invokeSpecial(Ljava/lang/Object;Ljava/lang/Object;)V> (0x0000000088d05650) thrown at [c:/workspace/9-2-build-windows-amd64-cygwin-phase2/jdk9/6725/h
Event: 0.394 Thread 0x000000e43e4f5000 Exception <a 'java/lang/NoSuchMethodError'{0x0000000088d68988}: java.lang.invoke.DirectMethodHandle$Holder.invokeStatic(Ljava/lang/Object;Ljava/lang/Object;Ljava/lang/Object;Ljava/lang/Object;Ljava/lang/Object;Ljava/lang/Object;Ljava/lang/Object;Ljava/lan
Event: 0.396 Thread 0x000000e43e4f5000 Exception <a 'java/lang/NoSuchMethodError'{0x0000000088d82e30}: java.lang.invoke.DirectMethodHandle$Holder.invokeStatic(Ljava/lang/Object;Ljava/lang/Object;Ljava/lang/Object;Ljava/lang/Object;Ljava/lang/Object;Ljava/lang/Object;Ljava/lang/Object;Ljava/lan

Events (10 events):
Event: 0.388 loading class java/lang/ApplicationShutdownHooks$1
Event: 0.388 loading class java/lang/ApplicationShutdownHooks$1 done
Event: 0.388 loading class java/lang/Shutdown
Event: 0.388 loading class java/lang/Shutdown done
Event: 0.388 loading class java/lang/Shutdown$Lock
Event: 0.388 loading class java/lang/Shutdown$Lock done
Event: 0.392 loading class java/lang/invoke/BoundMethodHandle$Species_L5I
Event: 0.392 loading class java/lang/invoke/BoundMethodHandle$Species_L5I done
Event: 0.395 loading class java/lang/invoke/BoundMethodHandle$Species_L5II
Event: 0.395 loading class java/lang/invoke/BoundMethodHandle$Species_L5II done


Dynamic libraries:
0x00007ff6c5700000 - 0x00007ff6c573e000 	C:\Program Files\Java\jre-9\bin\javaw.exe
0x00007ff866f50000 - 0x00007ff8670fd000 	C:\Windows\SYSTEM32\ntdll.dll
0x00007ff866c60000 - 0x00007ff866d9e000 	C:\Windows\system32\KERNEL32.DLL
0x00007ff8644c0000 - 0x00007ff8645d5000 	C:\Windows\system32\KERNELBASE.dll
0x00007ff862c40000 - 0x00007ff862cce000 	C:\Windows\system32\apphelp.dll
0x00007ff865fa0000 - 0x00007ff86604a000 	C:\Windows\system32\ADVAPI32.dll
0x00007ff8666a0000 - 0x00007ff866817000 	C:\Windows\system32\USER32.dll
0x00007ff861900000 - 0x00007ff861b7b000 	C:\Windows\WinSxS\amd64_microsoft.windows.common-controls_6595b64144ccf1df_6.0.9600.18006_none_623f33d3ecbe86e8\COMCTL32.dll
0x00007ff85c640000 - 0x00007ff85c64a000 	C:\Windows\SYSTEM32\VERSION.dll
0x00007ff8645e0000 - 0x00007ff86468a000 	C:\Windows\system32\msvcrt.dll
0x00007ff865bc0000 - 0x00007ff865c19000 	C:\Windows\SYSTEM32\sechost.dll
0x00007ff866820000 - 0x00007ff866960000 	C:\Windows\system32\RPCRT4.dll
0x00007ff866490000 - 0x00007ff8665db000 	C:\Windows\system32\GDI32.dll
0x00007ff8643e0000 - 0x00007ff86440e000 	C:\Windows\system32\SspiCli.dll
0x00007ff866270000 - 0x00007ff8662a6000 	C:\Windows\system32\IMM32.DLL
0x00007ff866310000 - 0x00007ff866461000 	C:\Windows\system32\MSCTF.dll
0x00007ff82c5e0000 - 0x00007ff82c6cf000 	C:\Program Files\Java\jre-9\bin\msvcr120.dll
0x00007ff841d50000 - 0x00007ff841df6000 	C:\Program Files\Java\jre-9\bin\msvcp120.dll
0x0000000052890000 - 0x00000000532ba000 	C:\Program Files\Java\jre-9\bin\server\jvm.dll
0x00007ff85bfc0000 - 0x00007ff85bfc9000 	C:\Windows\SYSTEM32\WSOCK32.dll
0x00007ff85f0b0000 - 0x00007ff85f0d2000 	C:\Windows\SYSTEM32\WINMM.dll
0x00007ff865db0000 - 0x00007ff865db7000 	C:\Windows\system32\PSAPI.DLL
0x00007ff866640000 - 0x00007ff86669a000 	C:\Windows\system32\WS2_32.dll
0x00007ff85ef90000 - 0x00007ff85efba000 	C:\Windows\SYSTEM32\WINMMBASE.dll
0x00007ff866480000 - 0x00007ff866489000 	C:\Windows\system32\NSI.dll
0x00007ff864470000 - 0x00007ff8644bf000 	C:\Windows\SYSTEM32\cfgmgr32.dll
0x00007ff862ec0000 - 0x00007ff862ee8000 	C:\Windows\SYSTEM32\DEVOBJ.dll
0x00007ff848d70000 - 0x00007ff848d7f000 	C:\Program Files\Java\jre-9\bin\verify.dll
0x00007ff842110000 - 0x00007ff842137000 	C:\Program Files\Java\jre-9\bin\java.dll
0x00007ff842af0000 - 0x00007ff842b06000 	C:\Program Files\Java\jre-9\bin\zip.dll
0x00007ff843470000 - 0x00007ff84347a000 	C:\Program Files\Java\jre-9\bin\jimage.dll
0x00007ff864690000 - 0x00007ff865bb9000 	C:\Windows\system32\SHELL32.dll
0x00007ff866960000 - 0x00007ff866b72000 	C:\Windows\SYSTEM32\combase.dll
0x00007ff8662b0000 - 0x00007ff866304000 	C:\Windows\system32\SHLWAPI.dll
0x00007ff862450000 - 0x00007ff862502000 	C:\Windows\SYSTEM32\SHCORE.dll
0x00007ff864080000 - 0x00007ff864095000 	C:\Windows\SYSTEM32\profapi.dll
0x00007ff841a80000 - 0x00007ff841a9a000 	C:\Program Files\Java\jre-9\bin\net.dll
0x00007ff85b0c0000 - 0x00007ff85b187000 	C:\Windows\SYSTEM32\WINHTTP.dll
0x00007ff863840000 - 0x00007ff863899000 	C:\Windows\system32\mswsock.dll
0x00007ff841a60000 - 0x00007ff841a71000 	C:\Program Files\Java\jre-9\bin\nio.dll
0x00007ff828c00000 - 0x00007ff828d9a000 	C:\Program Files\Java\jre-9\bin\awt.dll
0x00007ff865c20000 - 0x00007ff865ce6000 	C:\Windows\system32\OLEAUT32.dll
0x00007ff85dc40000 - 0x00007ff85e0c1000 	C:\Windows\SYSTEM32\d2d1.dll
0x00007ff862d10000 - 0x00007ff862e39000 	C:\Windows\system32\uxtheme.dll
0x00007ff853180000 - 0x00007ff85322b000 	C:\Program Files\Common Files\microsoft shared\ink\tiptsf.dll
0x00007ff8621e0000 - 0x00007ff862201000 	C:\Windows\system32\dwmapi.dll
0x00007ff866050000 - 0x00007ff8661e4000 	C:\Windows\system32\ole32.dll
0x00007ff862e90000 - 0x00007ff862e9b000 	C:\Windows\SYSTEM32\kernel.appcore.dll
0x00007ff863f50000 - 0x00007ff863f5b000 	C:\Windows\SYSTEM32\CRYPTBASE.dll
0x00007ff863ee0000 - 0x00007ff863f43000 	C:\Windows\SYSTEM32\bcryptPrimitives.dll
0x00007ff842760000 - 0x00007ff8428e9000 	C:\Windows\SYSTEM32\dbghelp.dll

VM Arguments:
jvm_args: -Dfile.encoding=Cp1252 
java_command: Main
java_class_path (initial): C:\Users\admin\eclipse-workspace\AssignmentPartA\bin
Launcher Type: SUN_STANDARD

Logging:
Log output configuration:
#0: stdout all=warning uptime,level,tags
#1: stderr all=off uptime,level,tags

Environment Variables:
PATH=C:\ProgramData\Oracle\Java\javapath;C:\Program Files\Broadcom\Broadcom 802.11 Network Adapter;C:\Program Files (x86)\Intel\iCLS Client\;C:\Program Files\Intel\iCLS Client\;C:\Windows\system32;C:\Windows;C:\Windows\System32\Wbem;C:\Windows\System32\WindowsPowerShell\v1.0\;C:\Program Files\Lenovo\Bluetooth Software\;C:\Program Files\Lenovo\Bluetooth Software\syswow64;C:\Program Files\Intel\Intel(R) Management Engine Components\DAL;C:\Program Files (x86)\Intel\Intel(R) Management Engine Components\DAL;C:\Program Files\Intel\Intel(R) Management Engine Components\IPT;C:\Program Files (x86)\Intel\Intel(R) Management Engine Components\IPT;C:\Program Files (x86)\Windows Live\Shared;C:\wamp64\bin\php\php7.0.10;C:\ProgramData\ComposerSetup\bin;C:\Program Files (x86)\Microsoft VS Code\bin;C:\Users\Mathias Everson\AppData\Roaming\Composer\vendor\bin;C:\Users\Mathias Everson\AppData\Roaming\Composer\vendor\bin;C:\Program Files (x86)\Skype\Phone\;C:\Program Files\Git\cmd;C:\Program Files\nodejs\;C:\Program Files (x86)\QuickTime\QTSystem\;C:\Program Files (x86)\OpenVPN\bin
USERNAME=admin
OS=Windows_NT
PROCESSOR_IDENTIFIER=Intel64 Family 6 Model 61 Stepping 4, GenuineIntel



---------------  S Y S T E M  ---------------

OS: Windows 8.1 , 64 bit Build 9600 (6.3.9600.17415)

CPU:total 4 (initial active 4) (2 cores per cpu, 2 threads per core) family 6 model 61 stepping 4, cmov, cx8, fxsr, mmx, sse, sse2, sse3, ssse3, sse4.1, sse4.2, popcnt, avx, avx2, aes, clmul, erms, 3dnowpref, lzcnt, ht, tsc, tscinvbit, bmi1, bmi2, adx, fma

Memory: 4k page, physical 8306864k(883828k free), swap 11452592k(5032k free)

vm_info: Java HotSpot(TM) 64-Bit Server VM (9+181) for windows-amd64 JRE (9+181), built on Aug  2 2017 21:30:51 by "javare" with MS VC++ 12.0 (VS2013)

END.
